This is pdfTeX, Version 3.14159265-2.6-1.40.21 (TeX Live 2020/Debian) (preloaded format=pdflatex 2021.1.23)  1 MAY 2022 06:09
entering extended mode
 restricted \write18 enabled.
 %&-line parsing enabled.
**presentation.tex
(./presentation.tex
LaTeX2e <2020-02-02> patch level 5
L3 programming layer <2020-07-17>
(/usr/share/texlive/texmf-dist/tex/latex/beamer/beamer.cls
Document Class: beamer 2020/07/22 v3.59 A class for typesetting presentations
(/usr/share/texlive/texmf-dist/tex/latex/beamer/beamerbasemodes.sty
(/usr/share/texlive/texmf-dist/tex/latex/etoolbox/etoolbox.sty
Package: etoolbox 2020/07/15 v2.5i e-TeX tools for LaTeX (JAW)
\etb@tempcnta=\count168
)
\beamer@tempbox=\box45
\beamer@tempcount=\count169
\c@beamerpauses=\count170

(/usr/share/texlive/texmf-dist/tex/latex/beamer/beamerbasedecode.sty
\beamer@slideinframe=\count171
\beamer@minimum=\count172
\beamer@decode@box=\box46
)
\beamer@commentbox=\box47
\beamer@modecount=\count173
)
(/usr/share/texlive/texmf-dist/tex/generic/iftex/ifpdf.sty
Package: ifpdf 2019/10/25 v3.4 ifpdf legacy package. Use iftex instead.

(/usr/share/texlive/texmf-dist/tex/generic/iftex/iftex.sty
Package: iftex 2020/03/06 v1.0d TeX engine tests
))
\headdp=\dimen134
\footheight=\dimen135
\sidebarheight=\dimen136
\beamer@tempdim=\dimen137
\beamer@finalheight=\dimen138
\beamer@animht=\dimen139
\beamer@animdp=\dimen140
\beamer@animwd=\dimen141
\beamer@leftmargin=\dimen142
\beamer@rightmargin=\dimen143
\beamer@leftsidebar=\dimen144
\beamer@rightsidebar=\dimen145
\beamer@boxsize=\dimen146
\beamer@vboxoffset=\dimen147
\beamer@descdefault=\dimen148
\beamer@descriptionwidth=\dimen149
\beamer@lastskip=\skip47
\beamer@areabox=\box48
\beamer@animcurrent=\box49
\beamer@animshowbox=\box50
\beamer@sectionbox=\box51
\beamer@logobox=\box52
\beamer@linebox=\box53
\beamer@sectioncount=\count174
\beamer@subsubsectionmax=\count175
\beamer@subsectionmax=\count176
\beamer@sectionmax=\count177
\beamer@totalheads=\count178
\beamer@headcounter=\count179
\beamer@partstartpage=\count180
\beamer@sectionstartpage=\count181
\beamer@subsectionstartpage=\count182
\beamer@animationtempa=\count183
\beamer@animationtempb=\count184
\beamer@xpos=\count185
\beamer@ypos=\count186
\beamer@ypos@offset=\count187
\beamer@showpartnumber=\count188
\beamer@currentsubsection=\count189
\beamer@coveringdepth=\count190
\beamer@sectionadjust=\count191
\beamer@tocsectionnumber=\count192

(/usr/share/texlive/texmf-dist/tex/latex/beamer/beamerbaseoptions.sty
(/usr/share/texlive/texmf-dist/tex/latex/graphics/keyval.sty
Package: keyval 2014/10/28 v1.15 key=value parser (DPC)
\KV@toks@=\toks15
))
\beamer@paperwidth=\skip48
\beamer@paperheight=\skip49

(/usr/share/texlive/texmf-dist/tex/latex/geometry/geometry.sty
Package: geometry 2020/01/02 v5.9 Page Geometry

(/usr/share/texlive/texmf-dist/tex/generic/iftex/ifvtex.sty
Package: ifvtex 2019/10/25 v1.7 ifvtex legacy package. Use iftex instead.
)
\Gm@cnth=\count193
\Gm@cntv=\count194
\c@Gm@tempcnt=\count195
\Gm@bindingoffset=\dimen150
\Gm@wd@mp=\dimen151
\Gm@odd@mp=\dimen152
\Gm@even@mp=\dimen153
\Gm@layoutwidth=\dimen154
\Gm@layoutheight=\dimen155
\Gm@layouthoffset=\dimen156
\Gm@layoutvoffset=\dimen157
\Gm@dimlist=\toks16
)
(/usr/share/texlive/texmf-dist/tex/latex/base/size11.clo
File: size11.clo 2019/12/20 v1.4l Standard LaTeX file (size option)
)
(/usr/share/texlive/texmf-dist/tex/latex/pgf/basiclayer/pgfcore.sty
(/usr/share/texlive/texmf-dist/tex/latex/graphics/graphicx.sty
Package: graphicx 2019/11/30 v1.2a Enhanced LaTeX Graphics (DPC,SPQR)

(/usr/share/texlive/texmf-dist/tex/latex/graphics/graphics.sty
Package: graphics 2019/11/30 v1.4a Standard LaTeX Graphics (DPC,SPQR)

(/usr/share/texlive/texmf-dist/tex/latex/graphics/trig.sty
Package: trig 2016/01/03 v1.10 sin cos tan (DPC)
)
(/usr/share/texlive/texmf-dist/tex/latex/graphics-cfg/graphics.cfg
File: graphics.cfg 2016/06/04 v1.11 sample graphics configuration
)
Package graphics Info: Driver file: pdftex.def on input line 105.

(/usr/share/texlive/texmf-dist/tex/latex/graphics-def/pdftex.def
File: pdftex.def 2018/01/08 v1.0l Graphics/color driver for pdftex
))
\Gin@req@height=\dimen158
\Gin@req@width=\dimen159
)
(/usr/share/texlive/texmf-dist/tex/latex/pgf/systemlayer/pgfsys.sty
(/usr/share/texlive/texmf-dist/tex/latex/pgf/utilities/pgfrcs.sty
(/usr/share/texlive/texmf-dist/tex/generic/pgf/utilities/pgfutil-common.tex
\pgfutil@everybye=\toks17
\pgfutil@tempdima=\dimen160
\pgfutil@tempdimb=\dimen161

(/usr/share/texlive/texmf-dist/tex/generic/pgf/utilities/pgfutil-common-lists.t
ex)) (/usr/share/texlive/texmf-dist/tex/generic/pgf/utilities/pgfutil-latex.def
\pgfutil@abb=\box54
(/usr/share/texlive/texmf-dist/tex/latex/ms/everyshi.sty
Package: everyshi 2001/05/15 v3.00 EveryShipout Package (MS)
))
(/usr/share/texlive/texmf-dist/tex/generic/pgf/utilities/pgfrcs.code.tex
(/usr/share/texlive/texmf-dist/tex/generic/pgf/pgf.revision.tex)
Package: pgfrcs 2020/01/08 v3.1.5b (3.1.5b)
))
(/usr/share/texlive/texmf-dist/tex/generic/pgf/systemlayer/pgfsys.code.tex
Package: pgfsys 2020/01/08 v3.1.5b (3.1.5b)

(/usr/share/texlive/texmf-dist/tex/generic/pgf/utilities/pgfkeys.code.tex
\pgfkeys@pathtoks=\toks18
\pgfkeys@temptoks=\toks19

(/usr/share/texlive/texmf-dist/tex/generic/pgf/utilities/pgfkeysfiltered.code.t
ex
\pgfkeys@tmptoks=\toks20
))
\pgf@x=\dimen162
\pgf@y=\dimen163
\pgf@xa=\dimen164
\pgf@ya=\dimen165
\pgf@xb=\dimen166
\pgf@yb=\dimen167
\pgf@xc=\dimen168
\pgf@yc=\dimen169
\pgf@xd=\dimen170
\pgf@yd=\dimen171
\w@pgf@writea=\write3
\r@pgf@reada=\read2
\c@pgf@counta=\count196
\c@pgf@countb=\count197
\c@pgf@countc=\count198
\c@pgf@countd=\count199
\t@pgf@toka=\toks21
\t@pgf@tokb=\toks22
\t@pgf@tokc=\toks23
\pgf@sys@id@count=\count266
 (/usr/share/texlive/texmf-dist/tex/generic/pgf/systemlayer/pgf.cfg
File: pgf.cfg 2020/01/08 v3.1.5b (3.1.5b)
)
Driver file for pgf: pgfsys-pdftex.def

(/usr/share/texlive/texmf-dist/tex/generic/pgf/systemlayer/pgfsys-pdftex.def
File: pgfsys-pdftex.def 2020/01/08 v3.1.5b (3.1.5b)

(/usr/share/texlive/texmf-dist/tex/generic/pgf/systemlayer/pgfsys-common-pdf.de
f
File: pgfsys-common-pdf.def 2020/01/08 v3.1.5b (3.1.5b)
)))
(/usr/share/texlive/texmf-dist/tex/generic/pgf/systemlayer/pgfsyssoftpath.code.
tex
File: pgfsyssoftpath.code.tex 2020/01/08 v3.1.5b (3.1.5b)
\pgfsyssoftpath@smallbuffer@items=\count267
\pgfsyssoftpath@bigbuffer@items=\count268
)
(/usr/share/texlive/texmf-dist/tex/generic/pgf/systemlayer/pgfsysprotocol.code.
tex
File: pgfsysprotocol.code.tex 2020/01/08 v3.1.5b (3.1.5b)
)) (/usr/share/texlive/texmf-dist/tex/latex/xcolor/xcolor.sty
Package: xcolor 2016/05/11 v2.12 LaTeX color extensions (UK)

(/usr/share/texlive/texmf-dist/tex/latex/graphics-cfg/color.cfg
File: color.cfg 2016/01/02 v1.6 sample color configuration
)
Package xcolor Info: Driver file: pdftex.def on input line 225.
Package xcolor Info: Model `cmy' substituted by `cmy0' on input line 1348.
Package xcolor Info: Model `hsb' substituted by `rgb' on input line 1352.
Package xcolor Info: Model `RGB' extended on input line 1364.
Package xcolor Info: Model `HTML' substituted by `rgb' on input line 1366.
Package xcolor Info: Model `Hsb' substituted by `hsb' on input line 1367.
Package xcolor Info: Model `tHsb' substituted by `hsb' on input line 1368.
Package xcolor Info: Model `HSB' substituted by `hsb' on input line 1369.
Package xcolor Info: Model `Gray' substituted by `gray' on input line 1370.
Package xcolor Info: Model `wave' substituted by `hsb' on input line 1371.
)
(/usr/share/texlive/texmf-dist/tex/generic/pgf/basiclayer/pgfcore.code.tex
Package: pgfcore 2020/01/08 v3.1.5b (3.1.5b)

(/usr/share/texlive/texmf-dist/tex/generic/pgf/math/pgfmath.code.tex
(/usr/share/texlive/texmf-dist/tex/generic/pgf/math/pgfmathcalc.code.tex
(/usr/share/texlive/texmf-dist/tex/generic/pgf/math/pgfmathutil.code.tex)
(/usr/share/texlive/texmf-dist/tex/generic/pgf/math/pgfmathparser.code.tex
\pgfmath@dimen=\dimen172
\pgfmath@count=\count269
\pgfmath@box=\box55
\pgfmath@toks=\toks24
\pgfmath@stack@operand=\toks25
\pgfmath@stack@operation=\toks26
)
(/usr/share/texlive/texmf-dist/tex/generic/pgf/math/pgfmathfunctions.code.tex
(/usr/share/texlive/texmf-dist/tex/generic/pgf/math/pgfmathfunctions.basic.code
.tex)
(/usr/share/texlive/texmf-dist/tex/generic/pgf/math/pgfmathfunctions.trigonomet
ric.code.tex)
(/usr/share/texlive/texmf-dist/tex/generic/pgf/math/pgfmathfunctions.random.cod
e.tex)
(/usr/share/texlive/texmf-dist/tex/generic/pgf/math/pgfmathfunctions.comparison
.code.tex)
(/usr/share/texlive/texmf-dist/tex/generic/pgf/math/pgfmathfunctions.base.code.
tex)
(/usr/share/texlive/texmf-dist/tex/generic/pgf/math/pgfmathfunctions.round.code
.tex)
(/usr/share/texlive/texmf-dist/tex/generic/pgf/math/pgfmathfunctions.misc.code.
tex)
(/usr/share/texlive/texmf-dist/tex/generic/pgf/math/pgfmathfunctions.integerari
thmetics.code.tex)))
(/usr/share/texlive/texmf-dist/tex/generic/pgf/math/pgfmathfloat.code.tex
\c@pgfmathroundto@lastzeros=\count270
))
(/usr/share/texlive/texmf-dist/tex/generic/pgf/math/pgfint.code.tex)
(/usr/share/texlive/texmf-dist/tex/generic/pgf/basiclayer/pgfcorepoints.code.te
x
File: pgfcorepoints.code.tex 2020/01/08 v3.1.5b (3.1.5b)
\pgf@picminx=\dimen173
\pgf@picmaxx=\dimen174
\pgf@picminy=\dimen175
\pgf@picmaxy=\dimen176
\pgf@pathminx=\dimen177
\pgf@pathmaxx=\dimen178
\pgf@pathminy=\dimen179
\pgf@pathmaxy=\dimen180
\pgf@xx=\dimen181
\pgf@xy=\dimen182
\pgf@yx=\dimen183
\pgf@yy=\dimen184
\pgf@zx=\dimen185
\pgf@zy=\dimen186
)
(/usr/share/texlive/texmf-dist/tex/generic/pgf/basiclayer/pgfcorepathconstruct.
code.tex
File: pgfcorepathconstruct.code.tex 2020/01/08 v3.1.5b (3.1.5b)
\pgf@path@lastx=\dimen187
\pgf@path@lasty=\dimen188
)
(/usr/share/texlive/texmf-dist/tex/generic/pgf/basiclayer/pgfcorepathusage.code
.tex
File: pgfcorepathusage.code.tex 2020/01/08 v3.1.5b (3.1.5b)
\pgf@shorten@end@additional=\dimen189
\pgf@shorten@start@additional=\dimen190
)
(/usr/share/texlive/texmf-dist/tex/generic/pgf/basiclayer/pgfcorescopes.code.te
x
File: pgfcorescopes.code.tex 2020/01/08 v3.1.5b (3.1.5b)
\pgfpic=\box56
\pgf@hbox=\box57
\pgf@layerbox@main=\box58
\pgf@picture@serial@count=\count271
)
(/usr/share/texlive/texmf-dist/tex/generic/pgf/basiclayer/pgfcoregraphicstate.c
ode.tex
File: pgfcoregraphicstate.code.tex 2020/01/08 v3.1.5b (3.1.5b)
\pgflinewidth=\dimen191
)
(/usr/share/texlive/texmf-dist/tex/generic/pgf/basiclayer/pgfcoretransformation
s.code.tex
File: pgfcoretransformations.code.tex 2020/01/08 v3.1.5b (3.1.5b)
\pgf@pt@x=\dimen192
\pgf@pt@y=\dimen193
\pgf@pt@temp=\dimen194
)
(/usr/share/texlive/texmf-dist/tex/generic/pgf/basiclayer/pgfcorequick.code.tex
File: pgfcorequick.code.tex 2020/01/08 v3.1.5b (3.1.5b)
)
(/usr/share/texlive/texmf-dist/tex/generic/pgf/basiclayer/pgfcoreobjects.code.t
ex
File: pgfcoreobjects.code.tex 2020/01/08 v3.1.5b (3.1.5b)
)
(/usr/share/texlive/texmf-dist/tex/generic/pgf/basiclayer/pgfcorepathprocessing
.code.tex
File: pgfcorepathprocessing.code.tex 2020/01/08 v3.1.5b (3.1.5b)
)
(/usr/share/texlive/texmf-dist/tex/generic/pgf/basiclayer/pgfcorearrows.code.te
x
File: pgfcorearrows.code.tex 2020/01/08 v3.1.5b (3.1.5b)
\pgfarrowsep=\dimen195
)
(/usr/share/texlive/texmf-dist/tex/generic/pgf/basiclayer/pgfcoreshade.code.tex
File: pgfcoreshade.code.tex 2020/01/08 v3.1.5b (3.1.5b)
\pgf@max=\dimen196
\pgf@sys@shading@range@num=\count272
\pgf@shadingcount=\count273
)
(/usr/share/texlive/texmf-dist/tex/generic/pgf/basiclayer/pgfcoreimage.code.tex
File: pgfcoreimage.code.tex 2020/01/08 v3.1.5b (3.1.5b)

(/usr/share/texlive/texmf-dist/tex/generic/pgf/basiclayer/pgfcoreexternal.code.
tex
File: pgfcoreexternal.code.tex 2020/01/08 v3.1.5b (3.1.5b)
\pgfexternal@startupbox=\box59
))
(/usr/share/texlive/texmf-dist/tex/generic/pgf/basiclayer/pgfcorelayers.code.te
x
File: pgfcorelayers.code.tex 2020/01/08 v3.1.5b (3.1.5b)
)
(/usr/share/texlive/texmf-dist/tex/generic/pgf/basiclayer/pgfcoretransparency.c
ode.tex
File: pgfcoretransparency.code.tex 2020/01/08 v3.1.5b (3.1.5b)
)
(/usr/share/texlive/texmf-dist/tex/generic/pgf/basiclayer/pgfcorepatterns.code.
tex
File: pgfcorepatterns.code.tex 2020/01/08 v3.1.5b (3.1.5b)
)
(/usr/share/texlive/texmf-dist/tex/generic/pgf/basiclayer/pgfcorerdf.code.tex
File: pgfcorerdf.code.tex 2020/01/08 v3.1.5b (3.1.5b)
))) (/usr/share/texlive/texmf-dist/tex/latex/pgf/utilities/xxcolor.sty
Package: xxcolor 2003/10/24 ver 0.1
\XC@nummixins=\count274
\XC@countmixins=\count275
)
(/usr/share/texlive/texmf-dist/tex/generic/atbegshi/atbegshi.sty
Package: atbegshi 2019/12/05 v1.19 At begin shipout hook (HO)

(/usr/share/texlive/texmf-dist/tex/generic/infwarerr/infwarerr.sty
Package: infwarerr 2019/12/03 v1.5 Providing info/warning/error messages (HO)
)
(/usr/share/texlive/texmf-dist/tex/generic/ltxcmds/ltxcmds.sty
Package: ltxcmds 2019/12/15 v1.24 LaTeX kernel commands for general use (HO)
))
(/usr/share/texlive/texmf-dist/tex/latex/hyperref/hyperref.sty
Package: hyperref 2020-05-15 v7.00e Hypertext links for LaTeX

(/usr/share/texlive/texmf-dist/tex/generic/pdftexcmds/pdftexcmds.sty
Package: pdftexcmds 2020-06-27 v0.33 Utility functions of pdfTeX for LuaTeX (HO
)
Package pdftexcmds Info: \pdf@primitive is available.
Package pdftexcmds Info: \pdf@ifprimitive is available.
Package pdftexcmds Info: \pdfdraftmode found.
)
(/usr/share/texlive/texmf-dist/tex/generic/kvsetkeys/kvsetkeys.sty
Package: kvsetkeys 2019/12/15 v1.18 Key value parser (HO)
)
(/usr/share/texlive/texmf-dist/tex/generic/kvdefinekeys/kvdefinekeys.sty
Package: kvdefinekeys 2019-12-19 v1.6 Define keys (HO)
)
(/usr/share/texlive/texmf-dist/tex/generic/pdfescape/pdfescape.sty
Package: pdfescape 2019/12/09 v1.15 Implements pdfTeX's escape features (HO)
)
(/usr/share/texlive/texmf-dist/tex/latex/hycolor/hycolor.sty
Package: hycolor 2020-01-27 v1.10 Color options for hyperref/bookmark (HO)
)
(/usr/share/texlive/texmf-dist/tex/latex/letltxmacro/letltxmacro.sty
Package: letltxmacro 2019/12/03 v1.6 Let assignment for LaTeX macros (HO)
)
(/usr/share/texlive/texmf-dist/tex/latex/auxhook/auxhook.sty
Package: auxhook 2019-12-17 v1.6 Hooks for auxiliary files (HO)
)
(/usr/share/texlive/texmf-dist/tex/latex/kvoptions/kvoptions.sty
Package: kvoptions 2019/11/29 v3.13 Key value format for package options (HO)
)
\@linkdim=\dimen197
\Hy@linkcounter=\count276
\Hy@pagecounter=\count277

(/usr/share/texlive/texmf-dist/tex/latex/hyperref/pd1enc.def
File: pd1enc.def 2020-05-15 v7.00e Hyperref: PDFDocEncoding definition (HO)
Now handling font encoding PD1 ...
... no UTF-8 mapping file for font encoding PD1
)
(/usr/share/texlive/texmf-dist/tex/generic/intcalc/intcalc.sty
Package: intcalc 2019/12/15 v1.3 Expandable calculations with integers (HO)
)
(/usr/share/texlive/texmf-dist/tex/generic/etexcmds/etexcmds.sty
Package: etexcmds 2019/12/15 v1.7 Avoid name clashes with e-TeX commands (HO)
)
\Hy@SavedSpaceFactor=\count278
Package hyperref Info: Option `bookmarks' set `true' on input line 4338.
Package hyperref Info: Option `bookmarksopen' set `true' on input line 4338.
Package hyperref Info: Option `implicit' set `false' on input line 4338.
Package hyperref Info: Hyper figures OFF on input line 4464.
Package hyperref Info: Link nesting OFF on input line 4469.
Package hyperref Info: Hyper index ON on input line 4472.
Package hyperref Info: Plain pages OFF on input line 4479.
Package hyperref Info: Backreferencing OFF on input line 4484.
Package hyperref Info: Implicit mode OFF; no redefinition of LaTeX internals.
Package hyperref Info: Bookmarks ON on input line 4717.
\c@Hy@tempcnt=\count279

(/usr/share/texlive/texmf-dist/tex/latex/url/url.sty
\Urlmuskip=\muskip16
Package: url 2013/09/16  ver 3.4  Verb mode for urls, etc.
)
LaTeX Info: Redefining \url on input line 5076.
\XeTeXLinkMargin=\dimen198

(/usr/share/texlive/texmf-dist/tex/generic/bitset/bitset.sty
Package: bitset 2019/12/09 v1.3 Handle bit-vector datatype (HO)

(/usr/share/texlive/texmf-dist/tex/generic/bigintcalc/bigintcalc.sty
Package: bigintcalc 2019/12/15 v1.5 Expandable calculations on big integers (HO
)
))
\Fld@menulength=\count280
\Field@Width=\dimen199
\Fld@charsize=\dimen256
Package hyperref Info: Hyper figures OFF on input line 6347.
Package hyperref Info: Link nesting OFF on input line 6352.
Package hyperref Info: Hyper index ON on input line 6355.
Package hyperref Info: backreferencing OFF on input line 6362.
Package hyperref Info: Link coloring OFF on input line 6367.
Package hyperref Info: Link coloring with OCG OFF on input line 6372.
Package hyperref Info: PDF/A mode OFF on input line 6377.
LaTeX Info: Redefining \ref on input line 6417.
LaTeX Info: Redefining \pageref on input line 6421.
\Hy@abspage=\count281


Package hyperref Message: Stopped early.

)
Package hyperref Info: Driver (autodetected): hpdftex.
 (/usr/share/texlive/texmf-dist/tex/latex/hyperref/hpdftex.def
File: hpdftex.def 2020-05-15 v7.00e Hyperref driver for pdfTeX

(/usr/share/texlive/texmf-dist/tex/latex/atveryend/atveryend.sty
Package: atveryend 2019-12-11 v1.11 Hooks at the very end of document (HO)
)
\Fld@listcount=\count282
\c@bookmark@seq@number=\count283

(/usr/share/texlive/texmf-dist/tex/latex/rerunfilecheck/rerunfilecheck.sty
Package: rerunfilecheck 2019/12/05 v1.9 Rerun checks for auxiliary files (HO)

(/usr/share/texlive/texmf-dist/tex/generic/uniquecounter/uniquecounter.sty
Package: uniquecounter 2019/12/15 v1.4 Provide unlimited unique counter (HO)
)
Package uniquecounter Info: New unique counter `rerunfilecheck' on input line 2
86.
))
(/usr/share/texlive/texmf-dist/tex/latex/beamer/beamerbaserequires.sty
(/usr/share/texlive/texmf-dist/tex/latex/beamer/beamerbasecompatibility.sty)
(/usr/share/texlive/texmf-dist/tex/latex/beamer/beamerbasefont.sty
(/usr/share/texlive/texmf-dist/tex/latex/amsfonts/amssymb.sty
Package: amssymb 2013/01/14 v3.01 AMS font symbols

(/usr/share/texlive/texmf-dist/tex/latex/amsfonts/amsfonts.sty
Package: amsfonts 2013/01/14 v3.01 Basic AMSFonts support
\@emptytoks=\toks27
\symAMSa=\mathgroup4
\symAMSb=\mathgroup5
LaTeX Font Info:    Redeclaring math symbol \hbar on input line 98.
LaTeX Font Info:    Overwriting math alphabet `\mathfrak' in version `bold'
(Font)                  U/euf/m/n --> U/euf/b/n on input line 106.
))
(/usr/share/texlive/texmf-dist/tex/latex/sansmathaccent/sansmathaccent.sty
Package: sansmathaccent 2020/01/31

(/usr/share/texlive/texmf-dist/tex/latex/koma-script/scrlfile.sty
Package: scrlfile 2020/07/22 v3.31 KOMA-Script package (loading files)
)))
(/usr/share/texlive/texmf-dist/tex/latex/beamer/beamerbasetranslator.sty
(/usr/share/texlive/texmf-dist/tex/latex/translator/translator.sty
Package: translator 2020-07-27 v1.12b Easy translation of strings in LaTeX
))
(/usr/share/texlive/texmf-dist/tex/latex/beamer/beamerbasemisc.sty)
(/usr/share/texlive/texmf-dist/tex/latex/beamer/beamerbasetwoscreens.sty)
(/usr/share/texlive/texmf-dist/tex/latex/beamer/beamerbaseoverlay.sty
\beamer@argscount=\count284
\beamer@lastskipcover=\skip50
\beamer@trivlistdepth=\count285
)
(/usr/share/texlive/texmf-dist/tex/latex/beamer/beamerbasetitle.sty)
(/usr/share/texlive/texmf-dist/tex/latex/beamer/beamerbasesection.sty
\c@lecture=\count286
\c@part=\count287
\c@section=\count288
\c@subsection=\count289
\c@subsubsection=\count290
)
(/usr/share/texlive/texmf-dist/tex/latex/beamer/beamerbaseframe.sty
\beamer@framebox=\box60
\beamer@frametitlebox=\box61
\beamer@zoombox=\box62
\beamer@zoomcount=\count291
\beamer@zoomframecount=\count292
\beamer@frametextheight=\dimen257
\c@subsectionslide=\count293
\beamer@frametopskip=\skip51
\beamer@framebottomskip=\skip52
\beamer@frametopskipautobreak=\skip53
\beamer@framebottomskipautobreak=\skip54
\beamer@envbody=\toks28
\framewidth=\dimen258
\c@framenumber=\count294
)
(/usr/share/texlive/texmf-dist/tex/latex/beamer/beamerbaseverbatim.sty
\beamer@verbatimfileout=\write4
)
(/usr/share/texlive/texmf-dist/tex/latex/beamer/beamerbaseframesize.sty
\beamer@splitbox=\box63
\beamer@autobreakcount=\count295
\beamer@autobreaklastheight=\dimen259
\beamer@frametitletoks=\toks29
\beamer@framesubtitletoks=\toks30
)
(/usr/share/texlive/texmf-dist/tex/latex/beamer/beamerbaseframecomponents.sty
\beamer@footins=\box64
)
(/usr/share/texlive/texmf-dist/tex/latex/beamer/beamerbasecolor.sty)
(/usr/share/texlive/texmf-dist/tex/latex/beamer/beamerbasenotes.sty
\beamer@frameboxcopy=\box65
)
(/usr/share/texlive/texmf-dist/tex/latex/beamer/beamerbasetoc.sty)
(/usr/share/texlive/texmf-dist/tex/latex/beamer/beamerbasetemplates.sty
\beamer@sbttoks=\toks31

(/usr/share/texlive/texmf-dist/tex/latex/beamer/beamerbaseauxtemplates.sty
(/usr/share/texlive/texmf-dist/tex/latex/beamer/beamerbaseboxes.sty
\bmb@box=\box66
\bmb@colorbox=\box67
\bmb@boxshadow=\box68
\bmb@boxshadowball=\box69
\bmb@boxshadowballlarge=\box70
\bmb@temp=\dimen260
\bmb@dima=\dimen261
\bmb@dimb=\dimen262
\bmb@prevheight=\dimen263
)
\beamer@blockheadheight=\dimen264
))
(/usr/share/texlive/texmf-dist/tex/latex/beamer/beamerbaselocalstructure.sty
(/usr/share/texlive/texmf-dist/tex/latex/tools/enumerate.sty
Package: enumerate 2015/07/23 v3.00 enumerate extensions (DPC)
\@enLab=\toks32
)
\c@figure=\count296
\c@table=\count297
\abovecaptionskip=\skip55
\belowcaptionskip=\skip56
)
(/usr/share/texlive/texmf-dist/tex/latex/beamer/beamerbasenavigation.sty
\beamer@section@min@dim=\dimen265
)
(/usr/share/texlive/texmf-dist/tex/latex/beamer/beamerbasetheorems.sty
(/usr/share/texlive/texmf-dist/tex/latex/amsmath/amsmath.sty
Package: amsmath 2020/01/20 v2.17e AMS math features
\@mathmargin=\skip57

For additional information on amsmath, use the `?' option.
(/usr/share/texlive/texmf-dist/tex/latex/amsmath/amstext.sty
Package: amstext 2000/06/29 v2.01 AMS text

(/usr/share/texlive/texmf-dist/tex/latex/amsmath/amsgen.sty
File: amsgen.sty 1999/11/30 v2.0 generic functions
\@emptytoks=\toks33
\ex@=\dimen266
))
(/usr/share/texlive/texmf-dist/tex/latex/amsmath/amsbsy.sty
Package: amsbsy 1999/11/29 v1.2d Bold Symbols
\pmbraise@=\dimen267
)
(/usr/share/texlive/texmf-dist/tex/latex/amsmath/amsopn.sty
Package: amsopn 2016/03/08 v2.02 operator names
)
\inf@bad=\count298
LaTeX Info: Redefining \frac on input line 227.
\uproot@=\count299
\leftroot@=\count300
LaTeX Info: Redefining \overline on input line 389.
\classnum@=\count301
\DOTSCASE@=\count302
LaTeX Info: Redefining \ldots on input line 486.
LaTeX Info: Redefining \dots on input line 489.
LaTeX Info: Redefining \cdots on input line 610.
\Mathstrutbox@=\box71
\strutbox@=\box72
\big@size=\dimen268
LaTeX Font Info:    Redeclaring font encoding OML on input line 733.
LaTeX Font Info:    Redeclaring font encoding OMS on input line 734.
\macc@depth=\count303
\c@MaxMatrixCols=\count304
\dotsspace@=\muskip17
\c@parentequation=\count305
\dspbrk@lvl=\count306
\tag@help=\toks34
\row@=\count307
\column@=\count308
\maxfields@=\count309
\andhelp@=\toks35
\eqnshift@=\dimen269
\alignsep@=\dimen270
\tagshift@=\dimen271
\tagwidth@=\dimen272
\totwidth@=\dimen273
\lineht@=\dimen274
\@envbody=\toks36
\multlinegap=\skip58
\multlinetaggap=\skip59
\mathdisplay@stack=\toks37
LaTeX Info: Redefining \[ on input line 2859.
LaTeX Info: Redefining \] on input line 2860.
)
(/usr/share/texlive/texmf-dist/tex/latex/amscls/amsthm.sty
Package: amsthm 2020/05/29 v2.20.6
\thm@style=\toks38
\thm@bodyfont=\toks39
\thm@headfont=\toks40
\thm@notefont=\toks41
\thm@headpunct=\toks42
\thm@preskip=\skip60
\thm@postskip=\skip61
\thm@headsep=\skip62
\dth@everypar=\toks43
)
\c@theorem=\count310
)
(/usr/share/texlive/texmf-dist/tex/latex/beamer/beamerbasethemes.sty))
(/usr/share/texlive/texmf-dist/tex/latex/beamer/beamerthemedefault.sty
(/usr/share/texlive/texmf-dist/tex/latex/beamer/beamerfontthemedefault.sty)
(/usr/share/texlive/texmf-dist/tex/latex/beamer/beamercolorthemedefault.sty)
(/usr/share/texlive/texmf-dist/tex/latex/beamer/beamerinnerthemedefault.sty
\beamer@dima=\dimen275
\beamer@dimb=\dimen276
)
(/usr/share/texlive/texmf-dist/tex/latex/beamer/beamerouterthemedefault.sty)))
(/usr/share/texlive/texmf-dist/tex/latex/mfnfss/oldgerm.sty
Package: oldgerm 2000/08/02 v2.1k LaTeX2e package for Old German fonts
)
(./beamerthemesintef.sty
Package: beamerthemesintef 2022/03/20

(/usr/share/texlive/texmf-dist/tex/latex/pgf/frontendlayer/tikz.sty
(/usr/share/texlive/texmf-dist/tex/latex/pgf/basiclayer/pgf.sty
Package: pgf 2020/01/08 v3.1.5b (3.1.5b)

(/usr/share/texlive/texmf-dist/tex/generic/pgf/modules/pgfmoduleshapes.code.tex
File: pgfmoduleshapes.code.tex 2020/01/08 v3.1.5b (3.1.5b)
\pgfnodeparttextbox=\box73
) (/usr/share/texlive/texmf-dist/tex/generic/pgf/modules/pgfmoduleplot.code.tex
File: pgfmoduleplot.code.tex 2020/01/08 v3.1.5b (3.1.5b)
)
(/usr/share/texlive/texmf-dist/tex/latex/pgf/compatibility/pgfcomp-version-0-65
.sty
Package: pgfcomp-version-0-65 2020/01/08 v3.1.5b (3.1.5b)
\pgf@nodesepstart=\dimen277
\pgf@nodesepend=\dimen278
)
(/usr/share/texlive/texmf-dist/tex/latex/pgf/compatibility/pgfcomp-version-1-18
.sty
Package: pgfcomp-version-1-18 2020/01/08 v3.1.5b (3.1.5b)
)) (/usr/share/texlive/texmf-dist/tex/latex/pgf/utilities/pgffor.sty
(/usr/share/texlive/texmf-dist/tex/latex/pgf/utilities/pgfkeys.sty
(/usr/share/texlive/texmf-dist/tex/generic/pgf/utilities/pgfkeys.code.tex))
(/usr/share/texlive/texmf-dist/tex/latex/pgf/math/pgfmath.sty
(/usr/share/texlive/texmf-dist/tex/generic/pgf/math/pgfmath.code.tex))
(/usr/share/texlive/texmf-dist/tex/generic/pgf/utilities/pgffor.code.tex
Package: pgffor 2020/01/08 v3.1.5b (3.1.5b)

(/usr/share/texlive/texmf-dist/tex/generic/pgf/math/pgfmath.code.tex)
\pgffor@iter=\dimen279
\pgffor@skip=\dimen280
\pgffor@stack=\toks44
\pgffor@toks=\toks45
))
(/usr/share/texlive/texmf-dist/tex/generic/pgf/frontendlayer/tikz/tikz.code.tex
Package: tikz 2020/01/08 v3.1.5b (3.1.5b)

(/usr/share/texlive/texmf-dist/tex/generic/pgf/libraries/pgflibraryplothandlers
.code.tex
File: pgflibraryplothandlers.code.tex 2020/01/08 v3.1.5b (3.1.5b)
\pgf@plot@mark@count=\count311
\pgfplotmarksize=\dimen281
)
\tikz@lastx=\dimen282
\tikz@lasty=\dimen283
\tikz@lastxsaved=\dimen284
\tikz@lastysaved=\dimen285
\tikz@lastmovetox=\dimen286
\tikz@lastmovetoy=\dimen287
\tikzleveldistance=\dimen288
\tikzsiblingdistance=\dimen289
\tikz@figbox=\box74
\tikz@figbox@bg=\box75
\tikz@tempbox=\box76
\tikz@tempbox@bg=\box77
\tikztreelevel=\count312
\tikznumberofchildren=\count313
\tikznumberofcurrentchild=\count314
\tikz@fig@count=\count315

(/usr/share/texlive/texmf-dist/tex/generic/pgf/modules/pgfmodulematrix.code.tex
File: pgfmodulematrix.code.tex 2020/01/08 v3.1.5b (3.1.5b)
\pgfmatrixcurrentrow=\count316
\pgfmatrixcurrentcolumn=\count317
\pgf@matrix@numberofcolumns=\count318
)
\tikz@expandcount=\count319

(/usr/share/texlive/texmf-dist/tex/generic/pgf/frontendlayer/tikz/libraries/tik
zlibrarytopaths.code.tex
File: tikzlibrarytopaths.code.tex 2020/01/08 v3.1.5b (3.1.5b)
)))
(/usr/share/texlive/texmf-dist/tex/latex/caladea/caladea.sty
Package: caladea 2014/08/17 (Bob Tennent) Supports Caladea fonts for LaTeX, pdf
LaTeX, luaLaTeX and xeLaTeX.

(/usr/share/texlive/texmf-dist/tex/generic/iftex/ifxetex.sty
Package: ifxetex 2019/10/25 v0.7 ifxetex legacy package. Use iftex instead.
)
(/usr/share/texlive/texmf-dist/tex/generic/iftex/ifluatex.sty
Package: ifluatex 2019/10/25 v1.5 ifluatex legacy package. Use iftex instead.
)
(/usr/share/texlive/texmf-dist/tex/latex/xkeyval/xkeyval.sty
Package: xkeyval 2014/12/03 v2.7a package option processing (HA)

(/usr/share/texlive/texmf-dist/tex/generic/xkeyval/xkeyval.tex
(/usr/share/texlive/texmf-dist/tex/generic/xkeyval/xkvutils.tex
\XKV@toks=\toks46
\XKV@tempa@toks=\toks47
)
\XKV@depth=\count320
File: xkeyval.tex 2014/12/03 v2.7a key=value parser (HA)
))
(/usr/share/texlive/texmf-dist/tex/latex/base/textcomp.sty
Package: textcomp 2020/02/02 v2.0n Standard LaTeX package
))
(/usr/share/texlive/texmf-dist/tex/latex/carlito/carlito.sty
Package: carlito 2014/08/20 (Bob Tennent) Supports Carlito fonts for LaTeX, pdf
LaTeX, luaLaTeX and xeLaTeX.

(/usr/share/texlive/texmf-dist/tex/latex/base/fontenc.sty
Package: fontenc 2020/02/11 v2.0o Standard LaTeX package
)
(/usr/share/texlive/texmf-dist/tex/latex/fontaxes/fontaxes.sty
Package: fontaxes 2020/07/21 v1.0e Font selection axes
LaTeX Info: Redefining \upshape on input line 29.
LaTeX Info: Redefining \itshape on input line 31.
LaTeX Info: Redefining \slshape on input line 33.
LaTeX Info: Redefining \swshape on input line 35.
LaTeX Info: Redefining \scshape on input line 37.
LaTeX Info: Redefining \sscshape on input line 39.
LaTeX Info: Redefining \ulcshape on input line 41.
LaTeX Info: Redefining \textsw on input line 47.
LaTeX Info: Redefining \textssc on input line 48.
LaTeX Info: Redefining \textulc on input line 49.
))
(./sintefcolor.sty
Package: sintefcolor 2021/03/04
)

Package pgf Warning: File "images/cloudsen12_logo_blue.png" not found when defi
ning image "bluelogo". Tried all extensions in ".pdf:.jpg:.jpeg:.png:" on input
 line 62.


Package pgf Warning: Missing height for image "bluelogo" ("images/cloudsen12_lo
go_blue.png") in draft mode. Using 1cm instead on input line 62.


Package pgf Warning: File "images/cloudsen12_logo.png" not found when defining 
image "whitelogo". Tried all extensions in ".pdf:.jpg:.jpeg:.png:" on input lin
e 63.


Package pgf Warning: Missing height for image "whitelogo" ("images/cloudsen12_l
ogo.png") in draft mode. Using 1cm instead on input line 63.

) (/usr/share/texlive/texmf-dist/tex/latex/animate/animate.sty
Package: animate 2020/05/29 PDF & SVG animations from files and inline graphics


(/usr/share/texlive/texmf-dist/tex/latex/base/ifthen.sty
Package: ifthen 2014/09/29 v1.1c Standard LaTeX ifthen package (DPC)
)
(/usr/share/texlive/texmf-dist/tex/latex/oberdiek/ifdraft.sty
Package: ifdraft 2016/05/16 v1.4 Detect class options draft and final (HO)
)
(/usr/share/texlive/texmf-dist/tex/latex/tools/calc.sty
Package: calc 2017/05/25 v4.3 Infix arithmetic (KKT,FJ)
\calc@Acount=\count321
\calc@Bcount=\count322
\calc@Adimen=\dimen290
\calc@Bdimen=\dimen291
\calc@Askip=\skip63
\calc@Bskip=\skip64
LaTeX Info: Redefining \setlength on input line 80.
LaTeX Info: Redefining \addtolength on input line 81.
\calc@Ccount=\count323
\calc@Cskip=\skip65
)
(/usr/share/texlive/texmf-dist/tex/latex/zref/zref-abspage.sty
Package: zref-abspage 2020-05-28 v2.31 Module abspage for zref (HO)

(/usr/share/texlive/texmf-dist/tex/latex/zref/zref-base.sty
Package: zref-base 2020-05-28 v2.31 Module base for zref (HO)
Package zref Info: New property list: main on input line 763.
Package zref Info: New property: default on input line 764.
Package zref Info: New property: page on input line 765.
)
\c@abspage=\count324
Package zref Info: New property: abspage on input line 66.
)
(/usr/share/texlive/texmf-dist/tex/latex/media9/pdfbase.sty
(/usr/share/texlive/texmf-dist/tex/latex/l3kernel/expl3.sty
Package: expl3 2020-07-17 L3 programming layer (loader) 

(/usr/share/texlive/texmf-dist/tex/latex/l3backend/l3backend-pdfmode.def
File: l3backend-pdfmode.def 2020-06-29 L3 backend support: PDF mode
\l__kernel_color_stack_int=\count325
\l__pdf_internal_box=\box78
))
(/usr/share/texlive/texmf-dist/tex/latex/l3packages/l3keys2e/l3keys2e.sty
Package: l3keys2e 2020-05-15 LaTeX2e option processing using LaTeX3 keys
)
Package: pdfbase 2020/07/08 v0.43 driver independent access to low-level PDF fe
atures
\g_pbs_page_int=\count326
\g_pbs_oc_int=\count327
)
(/usr/share/texlive/texmf-dist/tex/latex/ocgx2/ocgbase.sty
Package: ocgbase 2019/11/04 v0.17 support package for ocgx2.sty
\g_ocgbase_nd_int=\count328
)
\@anim@box=\box79
\@anim@measbox=\box80
\@anim@tmpdima=\dimen292
\@anim@tmpdimb=\dimen293
\@anim@num=\count329
\@anim@curframe=\count330
\@anim@curframe@zb=\count331
\@anim@resizeflags=\count332
\@anim@skipfram=\count333
\@anim@mulframecnt=\count334
\@anim@@tmlnfile=\read3
\@anim@tmpcnt=\count335
\c@@anim@ltxcnt=\count336
\@anim@curlayer=\count337
\@anim@lineno=\count338
\@anim@curfield=\count339
\@anim@@resizeflags=\count340
)
(/usr/share/texlive/texmf-dist/tex/latex/caption/caption.sty
Package: caption 2020/05/30 v3.4k Customizing captions (AR)

(/usr/share/texlive/texmf-dist/tex/latex/caption/caption3.sty
Package: caption3 2020/07/20 v1.12b caption3 kernel (AR)
Package caption3 Info: TeX engine: e-TeX on input line 61.
\captionmargin=\dimen294
\captionmargin@=\dimen295
\captionwidth=\dimen296
\caption@tempdima=\dimen297
\caption@indent=\dimen298
\caption@parindent=\dimen299
\caption@hangindent=\dimen300
Package caption Info: beamer document class detected.
)
\c@caption@flags=\count341
\c@continuedfloat=\count342
Package caption Info: beamer document class.
Package caption Info: hyperref package is loaded.
Package caption Info: Hyperref support is turned off
(caption)             because hyperref has stopped early.
)
(/usr/share/texlive/texmf-dist/tex/latex/beamer/beamerthemeWarsaw.sty
(/usr/share/texlive/texmf-dist/tex/latex/beamer/beamerinnerthemerounded.sty)
(/usr/share/texlive/texmf-dist/tex/latex/beamer/beamerouterthemeshadow.sty
(/usr/share/texlive/texmf-dist/tex/latex/beamer/beamerouterthemesplit.sty))
(/usr/share/texlive/texmf-dist/tex/latex/beamer/beamercolorthemeorchid.sty)
(/usr/share/texlive/texmf-dist/tex/latex/beamer/beamercolorthemewhale.sty))
(/usr/share/texlive/texmf-dist/tex/latex/beamer/beamerfontthemeserif.sty)
(/usr/share/texlive/texmf-dist/tex/latex/algorithm2e/algorithm2e.sty
Package: algorithm2e 2017/07/18 v5.2 algorithms environments
\c@AlgoLine=\count343
\algocf@hangindent=\skip66

(/usr/share/texlive/texmf-dist/tex/latex/ifoddpage/ifoddpage.sty
Package: ifoddpage 2016/04/23 v1.1 Conditionals for odd/even page detection
\c@checkoddpage=\count344
)
(/usr/share/texlive/texmf-dist/tex/latex/tools/xspace.sty
Package: xspace 2014/10/28 v1.13 Space after command names (DPC,MH)
)
(/usr/share/texlive/texmf-dist/tex/latex/relsize/relsize.sty
Package: relsize 2013/03/29 ver 4.1
)
\skiptotal=\skip67
\skiplinenumber=\skip68
\skiprule=\skip69
\skiphlne=\skip70
\skiptext=\skip71
\skiplength=\skip72
\algomargin=\skip73
\skipalgocfslide=\skip74
\algowidth=\dimen301
\inoutsize=\dimen302
\inoutindent=\dimen303
\interspacetitleruled=\dimen304
\interspacealgoruled=\dimen305
\interspacetitleboxruled=\dimen306
\algocf@ruledwidth=\skip75
\algocf@inoutbox=\box81
\algocf@inputbox=\box82
\AlCapSkip=\skip76
\AlCapHSkip=\skip77
\algoskipindent=\skip78
\algocf@nlbox=\box83
\algocf@hangingbox=\box84
\algocf@untilbox=\box85
\algocf@skipuntil=\skip79
\algocf@capbox=\box86
\algocf@lcaptionbox=\skip80
\algoheightruledefault=\skip81
\algoheightrule=\skip82
\algotitleheightruledefault=\skip83
\algotitleheightrule=\skip84
\c@algocfline=\count345
\c@algocfproc=\count346
\c@algocf=\count347
\algocf@algoframe=\box87
\algocf@algobox=\box88
)
(/usr/share/texlive/texmf-dist/tex/latex/graphics/epsfig.sty
Package: epsfig 2017/06/25 v1.7b (e)psfig emulation (SPQR)
\epsfxsize=\dimen307
\epsfysize=\dimen308
)
(/usr/share/texlive/texmf-dist/tex/latex/subfigure/subfigure.sty
Package: subfigure 2002/03/15 v2.1.5 subfigure package
\subfigtopskip=\skip85
\subfigcapskip=\skip86
\subfigcaptopadj=\dimen309
\subfigbottomskip=\skip87
\subfigcapmargin=\dimen310
\subfiglabelskip=\skip88
\c@subfigure=\count348
\c@lofdepth=\count349
\c@subtable=\count350
\c@lotdepth=\count351

****************************************
* Local config file subfigure.cfg used *
****************************************
(/usr/share/texlive/texmf-dist/tex/latex/subfigure/subfigure.cfg)
\subfig@top=\skip89
\subfig@bottom=\skip90
)
(/usr/share/texlive/texmf-dist/tex/latex/multirow/multirow.sty
Package: multirow 2019/05/31 v2.5 Span multiple rows of a table
\multirow@colwidth=\skip91
\multirow@cntb=\count352
\multirow@dima=\skip92
\bigstrutjot=\dimen311
)
(/usr/share/texlive/texmf-dist/tex/latex/algorithms/algorithmic.sty
Package: algorithmic 2009/08/24 v0.1 Document Style `algorithmic'
\c@ALC@unique=\count353
\c@ALC@line=\count354
\c@ALC@rem=\count355
\c@ALC@depth=\count356
\ALC@tlm=\skip93
\algorithmicindent=\skip94
)
(./presentation.aux

LaTeX Warning: Label `fig:introfig01' multiply defined.


LaTeX Warning: Label `fig:introfig01' multiply defined.


LaTeX Warning: Label `fig:introfig01' multiply defined.


LaTeX Warning: Label `fig:introfig01' multiply defined.


LaTeX Warning: Label `fig:introfig01' multiply defined.


LaTeX Warning: Label `fig:introfig01' multiply defined.


LaTeX Warning: Label `fig:introfig02' multiply defined.


LaTeX Warning: Label `fig:introfig02' multiply defined.


LaTeX Warning: Label `fig:labels01' multiply defined.


LaTeX Warning: Label `fig:labels01' multiply defined.


LaTeX Warning: Label `fig:gp01' multiply defined.


LaTeX Warning: Label `fig:gp01' multiply defined.


LaTeX Warning: Label `fig:gp01' multiply defined.


LaTeX Warning: Label `fig:gp01' multiply defined.


LaTeX Warning: Label `fig:introfig01' multiply defined.


LaTeX Warning: Label `fig:introfig02' multiply defined.


LaTeX Warning: Label `fig:introfig02' multiply defined.


LaTeX Warning: Label `fig:introfig02' multiply defined.


LaTeX Warning: Label `fig:introfig02' multiply defined.

)
\openout1 = `presentation.aux'.

LaTeX Font Info:    Checking defaults for OML/cmm/m/it on input line 49.
LaTeX Font Info:    ... okay on input line 49.
LaTeX Font Info:    Checking defaults for OMS/cmsy/m/n on input line 49.
LaTeX Font Info:    ... okay on input line 49.
LaTeX Font Info:    Checking defaults for OT1/cmr/m/n on input line 49.
LaTeX Font Info:    ... okay on input line 49.
LaTeX Font Info:    Checking defaults for T1/cmr/m/n on input line 49.
LaTeX Font Info:    ... okay on input line 49.
LaTeX Font Info:    Checking defaults for TS1/cmr/m/n on input line 49.
LaTeX Font Info:    ... okay on input line 49.
LaTeX Font Info:    Checking defaults for OMX/cmex/m/n on input line 49.
LaTeX Font Info:    ... okay on input line 49.
LaTeX Font Info:    Checking defaults for U/cmr/m/n on input line 49.
LaTeX Font Info:    ... okay on input line 49.
LaTeX Font Info:    Checking defaults for PD1/pdf/m/n on input line 49.
LaTeX Font Info:    ... okay on input line 49.
LaTeX Font Info:    Trying to load font information for OT1+Carlito-OsF on inpu
t line 49.
 (/usr/share/texlive/texmf-dist/tex/latex/carlito/OT1Carlito-OsF.fd
File: OT1Carlito-OsF.fd 2014/08/20 (autoinst) Font definitions for OT1/Carlito-
OsF.
)
LaTeX Font Info:    Font shape `OT1/Carlito-OsF/m/n' will be
(Font)              scaled to size 10.95pt on input line 49.

*geometry* driver: auto-detecting
*geometry* detected driver: pdftex
*geometry* verbose mode - [ preamble ] result:
* driver: pdftex
* paper: custom
* layout: <same size as paper>
* layoutoffset:(h,v)=(0.0pt,0.0pt)
* modes: includehead includefoot 
* h-part:(L,W,R)=(28.45274pt, 312.98033pt, 28.45274pt)
* v-part:(T,H,B)=(0.0pt, 256.0748pt, 0.0pt)
* \paperwidth=369.88582pt
* \paperheight=256.0748pt
* \textwidth=312.98033pt
* \textheight=227.62207pt
* \oddsidemargin=-43.81725pt
* \evensidemargin=-43.81725pt
* \topmargin=-72.26999pt
* \headheight=14.22636pt
* \headsep=0.0pt
* \topskip=11.0pt
* \footskip=14.22636pt
* \marginparwidth=4.0pt
* \marginparsep=10.0pt
* \columnsep=10.0pt
* \skip\footins=10.0pt plus 4.0pt minus 2.0pt
* \hoffset=0.0pt
* \voffset=0.0pt
* \mag=1000
* \@twocolumnfalse
* \@twosidefalse
* \@mparswitchfalse
* \@reversemarginfalse
* (1in=72.27pt=25.4mm, 1cm=28.453pt)

(/usr/share/texlive/texmf-dist/tex/context/base/mkii/supp-pdf.mkii
[Loading MPS to PDF converter (version 2006.09.02).]
\scratchcounter=\count357
\scratchdimen=\dimen312
\scratchbox=\box89
\nofMPsegments=\count358
\nofMParguments=\count359
\everyMPshowfont=\toks48
\MPscratchCnt=\count360
\MPscratchDim=\dimen313
\MPnumerator=\count361
\makeMPintoPDFobject=\count362
\everyMPtoPDFconversion=\toks49
) (/usr/share/texlive/texmf-dist/tex/latex/epstopdf-pkg/epstopdf-base.sty
Package: epstopdf-base 2020-01-24 v2.11 Base part for package epstopdf
Package epstopdf-base Info: Redefining graphics rule for `.eps' on input line 4
85.

(/usr/share/texlive/texmf-dist/tex/latex/latexconfig/epstopdf-sys.cfg
File: epstopdf-sys.cfg 2010/07/13 v1.3 Configuration of (r)epstopdf for TeX Liv
e
))
ABD: EveryShipout initializing macros
\AtBeginShipoutBox=\box90
Package hyperref Info: Link coloring OFF on input line 49.

(/usr/share/texlive/texmf-dist/tex/latex/hyperref/nameref.sty
Package: nameref 2019/09/16 v2.46 Cross-referencing by name of section

(/usr/share/texlive/texmf-dist/tex/latex/refcount/refcount.sty
Package: refcount 2019/12/15 v3.6 Data extraction from label references (HO)
)
(/usr/share/texlive/texmf-dist/tex/generic/gettitlestring/gettitlestring.sty
Package: gettitlestring 2019/12/15 v1.6 Cleanup title references (HO)
)
\c@section@level=\count363
)
LaTeX Info: Redefining \ref on input line 49.
LaTeX Info: Redefining \pageref on input line 49.
LaTeX Info: Redefining \nameref on input line 49.

(./presentation.out) (./presentation.out)
\@outlinefile=\write5
\openout5 = `presentation.out'.

\symnumbers=\mathgroup6
\sympureletters=\mathgroup7
LaTeX Font Info:    Overwriting math alphabet `\mathrm' in version `normal'
(Font)                  OT1/cmr/m/n --> OT1/Caladea-TLF/m/n on input line 49.
LaTeX Font Info:    Redeclaring math alphabet \mathbf on input line 49.
LaTeX Font Info:    Overwriting math alphabet `\mathbf' in version `normal'
(Font)                  OT1/cmr/bx/n --> OT1/Caladea-TLF/b/n on input line 49.
LaTeX Font Info:    Overwriting math alphabet `\mathbf' in version `bold'
(Font)                  OT1/cmr/bx/n --> OT1/Caladea-TLF/b/n on input line 49.
LaTeX Font Info:    Redeclaring math alphabet \mathsf on input line 49.
LaTeX Font Info:    Overwriting math alphabet `\mathsf' in version `normal'
(Font)                  OT1/cmss/m/n --> OT1/Carlito-OsF/m/n on input line 49.
LaTeX Font Info:    Overwriting math alphabet `\mathsf' in version `bold'
(Font)                  OT1/cmss/bx/n --> OT1/Carlito-OsF/m/n on input line 49.

LaTeX Font Info:    Redeclaring math alphabet \mathit on input line 49.
LaTeX Font Info:    Overwriting math alphabet `\mathit' in version `normal'
(Font)                  OT1/cmr/m/it --> OT1/Caladea-TLF/m/it on input line 49.

LaTeX Font Info:    Overwriting math alphabet `\mathit' in version `bold'
(Font)                  OT1/cmr/bx/it --> OT1/Caladea-TLF/m/it on input line 49
.
LaTeX Font Info:    Redeclaring math alphabet \mathtt on input line 49.
LaTeX Font Info:    Overwriting math alphabet `\mathtt' in version `normal'
(Font)                  OT1/cmtt/m/n --> OT1/cmtt/m/n on input line 49.
LaTeX Font Info:    Overwriting math alphabet `\mathtt' in version `bold'
(Font)                  OT1/cmtt/m/n --> OT1/cmtt/m/n on input line 49.
LaTeX Font Info:    Overwriting symbol font `numbers' in version `bold'
(Font)                  OT1/Caladea-TLF/m/n --> OT1/Caladea-TLF/b/n on input li
ne 49.
LaTeX Font Info:    Overwriting symbol font `pureletters' in version `bold'
(Font)                  OT1/Caladea-TLF/m/it --> OT1/Caladea-TLF/b/it on input 
line 49.
LaTeX Font Info:    Overwriting math alphabet `\mathrm' in version `bold'
(Font)                  OT1/cmr/bx/n --> OT1/Caladea-TLF/b/n on input line 49.
LaTeX Font Info:    Overwriting math alphabet `\mathbf' in version `bold'
(Font)                  OT1/Caladea-TLF/b/n --> OT1/Caladea-TLF/b/n on input li
ne 49.
LaTeX Font Info:    Overwriting math alphabet `\mathsf' in version `bold'
(Font)                  OT1/Carlito-OsF/m/n --> OT1/Carlito-OsF/b/n on input li
ne 49.
LaTeX Font Info:    Overwriting math alphabet `\mathit' in version `bold'
(Font)                  OT1/Caladea-TLF/m/it --> OT1/Caladea-TLF/b/it on input 
line 49.
LaTeX Font Info:    Overwriting math alphabet `\mathtt' in version `bold'
(Font)                  OT1/cmtt/m/n --> OT1/cmtt/b/n on input line 49.

(/usr/share/texlive/texmf-dist/tex/latex/translator/translator-basic-dictionary
-English.dict
Dictionary: translator-basic-dictionary, Language: English 
)
(/usr/share/texlive/texmf-dist/tex/latex/translator/translator-bibliography-dic
tionary-English.dict
Dictionary: translator-bibliography-dictionary, Language: English 
)
(/usr/share/texlive/texmf-dist/tex/latex/translator/translator-environment-dict
ionary-English.dict
Dictionary: translator-environment-dictionary, Language: English 
)
(/usr/share/texlive/texmf-dist/tex/latex/translator/translator-months-dictionar
y-English.dict
Dictionary: translator-months-dictionary, Language: English 
)
(/usr/share/texlive/texmf-dist/tex/latex/translator/translator-numbers-dictiona
ry-English.dict
Dictionary: translator-numbers-dictionary, Language: English 
)
(/usr/share/texlive/texmf-dist/tex/latex/translator/translator-theorem-dictiona
ry-English.dict
Dictionary: translator-theorem-dictionary, Language: English 
)
\c@mv@tabular=\count364
\c@mv@boldtabular=\count365
Package caption Info: Begin \AtBeginDocument code.
Package caption Info: subfigure package is loaded.
Package caption Info: End \AtBeginDocument code.
 (./presentation.nav)
LaTeX Font Info:    Font shape `OT1/Carlito-OsF/m/n' will be
(Font)              scaled to size 6.0pt on input line 49.
LaTeX Font Info:    Font shape `OT1/Carlito-OsF/m/n' will be
(Font)              scaled to size 8.0pt on input line 49.


LaTeX Font Warning: Font shape `OT1/Carlito-OsF/m/sc' undefined
(Font)              using `OT1/Carlito-OsF/m/n' instead on input line 49.


Overfull \hbox (38.6134pt too wide) in paragraph at lines 49--49
 [][][][] []  
 []

<images/logo.pdf, id=47, 1504.66132pt x 184.77031pt>
File: images/logo.pdf Graphic file (type pdf)
<use images/logo.pdf>
Package pdftex.def Info: images/logo.pdf  used on input line 63.
(pdftex.def)             Requested size: 225.68945pt x 27.71434pt.
LaTeX Font Info:    Font shape `OT1/Carlito-OsF/m/n' will be
(Font)              scaled to size 14.4pt on input line 63.
LaTeX Font Info:    Font shape `OT1/Carlito-OsF/b/n' will be
(Font)              scaled to size 14.4pt on input line 63.
LaTeX Font Info:    Font shape `OT1/Carlito-OsF/m/sc' will be
(Font)              scaled to size 14.4pt on input line 63.
LaTeX Font Info:    Font shape `OT1/Carlito-OsF/b/n' will be
(Font)              scaled to size 12.0pt on input line 63.
LaTeX Font Info:    Font shape `OT1/Carlito-OsF/m/n' will be
(Font)              scaled to size 12.0pt on input line 63.
LaTeX Font Info:    Font shape `OT1/Carlito-OsF/b/n' will be
(Font)              scaled to size 8.0pt on input line 63.
LaTeX Font Info:    Font shape `OT1/Carlito-OsF/m/n' will be
(Font)              scaled to size 4.0pt on input line 63.
LaTeX Font Info:    Font shape `OT1/Carlito-OsF/m/sc' will be
(Font)              scaled to size 8.0pt on input line 63.

Overfull \hbox (36.8278pt too wide) has occurred while \output is active
 [][][][] []  
 []

[1

{/var/lib/texmf/fonts/map/pdftex/updmap/pdftex.map} <./images/logo.pdf>]
(./slides/acknowledges.tex
<images/acknowledge.pdf, id=71, 1157.28355pt x 760.76218pt>
File: images/acknowledge.pdf Graphic file (type pdf)
<use images/acknowledge.pdf>
Package pdftex.def Info: images/acknowledge.pdf  used on input line 7.
(pdftex.def)             Requested size: 289.32018pt x 190.19008pt.

Overfull \hbox (37.9566pt too wide) has occurred while \output is active
 [][][][] []  
 []

[2

 <./images/acknowledge.pdf>]) (./slides/objective.tex
<images/problematic_01.png, id=111, 841.1425pt x 694.595pt>
File: images/problematic_01.png Graphic file (type png)
<use images/problematic_01.png>
Package pdftex.def Info: images/problematic_01.png  used on input line 7.
(pdftex.def)             Requested size: 237.86333pt x 196.42482pt.

Overfull \vbox (2.08371pt too high) detected at line 7
 []


Overfull \hbox (38.007pt too wide) has occurred while \output is active
 [][][][] []  
 []

[3

 <./images/problematic_01.png>]
<images/problematic_02.png, id=127, 841.1425pt x 694.595pt>
File: images/problematic_02.png Graphic file (type png)
<use images/problematic_02.png>
Package pdftex.def Info: images/problematic_02.png  used on input line 16.
(pdftex.def)             Requested size: 237.86333pt x 196.42482pt.

Overfull \vbox (2.08371pt too high) detected at line 16
 []


Overfull \hbox (38.6014pt too wide) has occurred while \output is active
 [][][][] []  
 []

[4

 <./images/problematic_02.png>]
<images/problematic_03.png, id=143, 841.1425pt x 693.59125pt>
File: images/problematic_03.png Graphic file (type png)
<use images/problematic_03.png>
Package pdftex.def Info: images/problematic_03.png  used on input line 25.
(pdftex.def)             Requested size: 237.86333pt x 196.14098pt.

Overfull \vbox (1.79987pt too high) detected at line 25
 []


Overfull \hbox (37.9254pt too wide) has occurred while \output is active
 [][][][] []  
 []

[5

 <./images/problematic_03.png>]
LaTeX Font Info:    Font shape `OT1/Carlito-OsF/b/n' will be
(Font)              scaled to size 10.95pt on input line 32.

Overfull \hbox (38.2462pt too wide) has occurred while \output is active
 [][][][] []  
 []

[6

]
Overfull \hbox (37.4838pt too wide) has occurred while \output is active
 [][][][] []  
 []

[7

]
Overfull \hbox (38.2462pt too wide) has occurred while \output is active
 [][][][] []  
 []

[8

]) (./slides/introduction.tex
<images/intro_fig00_0.png, id=203, 954.56625pt x 365.365pt>
File: images/intro_fig00_0.png Graphic file (type png)
<use images/intro_fig00_0.png>
Package pdftex.def Info: images/intro_fig00_0.png  used on input line 11.
(pdftex.def)             Requested size: 250.38521pt x 95.83447pt.

Overfull \hbox (38.2462pt too wide) has occurred while \output is active
 [][][][] []  
 []

[9

 <./images/intro_fig00_0.png>]
<images/cloud_types.pdf, id=219, 437.71529pt x 341.35529pt>
File: images/cloud_types.pdf Graphic file (type pdf)
<use images/cloud_types.pdf>
Package pdftex.def Info: images/cloud_types.pdf  used on input line 23.
(pdftex.def)             Requested size: 219.08527pt x 170.85431pt.
pdfTeX warning (ext4): destination with the same identifier (name{fig:introfig0
1}) has been already used, duplicate ignored
<to be read again> 
                   \relax 
l.23 \end{frame}
                
Overfull \vbox (5.43454pt too high) detected at line 23
 []


Overfull \hbox (41.4062pt too wide) has occurred while \output is active
 [][][][] []  
 []

[10

 <./images/cloud_types.pdf>]
<images/cloud_types2.png, id=303, 689.57625pt x 590.95781pt>
File: images/cloud_types2.png Graphic file (type png)
<use images/cloud_types2.png>
Package pdftex.def Info: images/cloud_types2.png  used on input line 34.
(pdftex.def)             Requested size: 203.4353pt x 174.34006pt.
pdfTeX warning (ext4): destination with the same identifier (name{fig:introfig0
1}) has been already used, duplicate ignored
<to be read again> 
                   \relax 
l.34 \end{frame}
                
Overfull \hbox (39.6206pt too wide) has occurred while \output is active
 [][][][] []  
 []

[11

 <./images/cloud_types2.png (PNG copy)>]
<images/intro_what_is_a_cloud.pdf, id=318, 744.86276pt x 516.00781pt>
File: images/intro_what_is_a_cloud.pdf Graphic file (type pdf)
<use images/intro_what_is_a_cloud.pdf>
Package pdftex.def Info: images/intro_what_is_a_cloud.pdf  used on input line 4
4.
(pdftex.def)             Requested size: 266.03519pt x 184.29817pt.
pdfTeX warning (ext4): destination with the same identifier (name{fig:introfig0
1}) has been already used, duplicate ignored
<to be read again> 
                   \relax 
l.44 \end{frame}
                
Overfull \hbox (40.7494pt too wide) has occurred while \output is active
 [][][][] []  
 []

[12

 <./images/intro_what_is_a_cloud.pdf>]
<images/intro_fig01.png, id=404, 1085.55562pt x 605.26125pt>
File: images/intro_fig01.png Graphic file (type png)
<use images/intro_fig01.png>
Package pdftex.def Info: images/intro_fig01.png  used on input line 56.
(pdftex.def)             Requested size: 266.03519pt x 148.33185pt.
LaTeX Font Info:    Font shape `OT1/Carlito-OsF/m/n' will be
(Font)              scaled to size 10.0pt on input line 56.
pdfTeX warning (ext4): destination with the same identifier (name{fig:introfig0
1}) has been already used, duplicate ignored
<to be read again> 
                   \relax 
l.56 \end{frame}
                
Overfull \hbox (40.7998pt too wide) has occurred while \output is active
 [][][][] []  
 []

[13

 <./images/intro_fig01.png (PNG copy)>]) (./slides/data.tex
<images/gif01/frame-0.png, id=421, 1084.05pt x 1084.05pt>
File: images/gif01/frame-0.png Graphic file (type png)
<use images/gif01/frame-0.png>
Package pdftex.def Info: images/gif01/frame-0.png  used on input line 8.
(pdftex.def)             Requested size: 1084.04736pt x 1084.04736pt.
 <./images/gif01/frame-0.png> <a0,fr0>
<images/gif01/frame-1.png, id=430, 1084.05pt x 1084.05pt>
File: images/gif01/frame-1.png Graphic file (type png)
<use images/gif01/frame-1.png>
Package pdftex.def Info: images/gif01/frame-1.png  used on input line 8.
(pdftex.def)             Requested size: 1084.04736pt x 1084.04736pt.
 <./images/gif01/frame-1.png> <a0,fr1>
<images/gif01/frame-2.png, id=439, 1084.05pt x 1084.05pt>
File: images/gif01/frame-2.png Graphic file (type png)
<use images/gif01/frame-2.png>
Package pdftex.def Info: images/gif01/frame-2.png  used on input line 8.
(pdftex.def)             Requested size: 1084.04736pt x 1084.04736pt.
 <./images/gif01/frame-2.png> <a0,fr2>
<images/gif01/frame-3.png, id=448, 1084.05pt x 1084.05pt>
File: images/gif01/frame-3.png Graphic file (type png)
<use images/gif01/frame-3.png>
Package pdftex.def Info: images/gif01/frame-3.png  used on input line 8.
(pdftex.def)             Requested size: 1084.04736pt x 1084.04736pt.
 <./images/gif01/frame-3.png> <a0,fr3> <a0,fr4> <a0,fr5>
<images/gif01/frame-6.png, id=467, 1084.05pt x 1084.05pt>
File: images/gif01/frame-6.png Graphic file (type png)
<use images/gif01/frame-6.png>
Package pdftex.def Info: images/gif01/frame-6.png  used on input line 8.
(pdftex.def)             Requested size: 1084.04736pt x 1084.04736pt.
 <./images/gif01/frame-6.png> <a0,fr6>
Overfull \hbox (41.3942pt too wide) has occurred while \output is active
 [][][][] []  
 []

[14

]
<images/dataset_team.png, id=494, 1220.30907pt x 510.40688pt>
File: images/dataset_team.png Graphic file (type png)
<use images/dataset_team.png>
Package pdftex.def Info: images/dataset_team.png  used on input line 20.
(pdftex.def)             Requested size: 312.98033pt x 130.90358pt.
pdfTeX warning (ext4): destination with the same identifier (name{fig:introfig0
1}) has been already used, duplicate ignored
<to be read again> 
                   \relax 
l.20 \end{frame}
                
Overfull \hbox (40.7182pt too wide) has occurred while \output is active
 [][][][] []  
 []

[15

 <./images/dataset_team.png (PNG copy)>]
File: images/intro_fig01.png Graphic file (type png)
<use images/intro_fig01.png>
Package pdftex.def Info: images/intro_fig01.png  used on input line 32.
(pdftex.def)             Requested size: 266.03519pt x 148.33185pt.
pdfTeX warning (ext4): destination with the same identifier (name{fig:introfig0
1}) has been already used, duplicate ignored
<to be read again> 
                   \relax 
l.32 \end{frame}
                
Overfull \hbox (41.039pt too wide) has occurred while \output is active
 [][][][] []  
 []

[16

]
<images/intro_fig04.png, id=523, 1534.73375pt x 753.81625pt>
File: images/intro_fig04.png Graphic file (type png)
<use images/intro_fig04.png>
Package pdftex.def Info: images/intro_fig04.png  used on input line 41.
(pdftex.def)             Requested size: 266.03519pt x 130.66606pt.

Overfull \hbox (40.0694pt too wide) has occurred while \output is active
 [][][][] []  
 []

[17

 <./images/intro_fig04.png>]
<images/methodology01.png, id=538, 605.26125pt x 867.24pt>
File: images/methodology01.png Graphic file (type png)
<use images/methodology01.png>
Package pdftex.def Info: images/methodology01.png  used on input line 59.
(pdftex.def)             Requested size: 112.6752pt x 161.4426pt.
LaTeX Font Info:    Trying to load font information for U+msa on input line 59.


(/usr/share/texlive/texmf-dist/tex/latex/amsfonts/umsa.fd
File: umsa.fd 2013/01/14 v3.01 AMS symbols A
)
LaTeX Font Info:    Trying to load font information for U+msb on input line 59.


(/usr/share/texlive/texmf-dist/tex/latex/amsfonts/umsb.fd
File: umsb.fd 2013/01/14 v3.01 AMS symbols B
)
LaTeX Font Info:    Trying to load font information for OT1+Caladea-TLF on inpu
t line 59.

(/usr/share/texlive/texmf-dist/tex/latex/caladea/OT1Caladea-TLF.fd
File: OT1Caladea-TLF.fd 2014/08/17 (autoinst) Font definitions for OT1/Caladea-
TLF.
)
LaTeX Font Info:    Font shape `OT1/Caladea-TLF/m/n' will be
(Font)              scaled to size 10.95pt on input line 59.
LaTeX Font Info:    Font shape `OT1/Caladea-TLF/m/n' will be
(Font)              scaled to size 8.0pt on input line 59.
LaTeX Font Info:    Font shape `OT1/Caladea-TLF/m/n' will be
(Font)              scaled to size 6.0pt on input line 59.
LaTeX Font Info:    Font shape `OT1/Caladea-TLF/m/it' will be
(Font)              scaled to size 10.95pt on input line 59.
LaTeX Font Info:    Font shape `OT1/Caladea-TLF/m/it' will be
(Font)              scaled to size 8.0pt on input line 59.
LaTeX Font Info:    Font shape `OT1/Caladea-TLF/m/it' will be
(Font)              scaled to size 6.0pt on input line 59.

Overfull \hbox (41.039pt too wide) has occurred while \output is active
 [][][][] []  
 []

[18

 <./images/methodology01.png>]
<images/methodology02.png, id=558, 1128.215pt x 798.985pt>
File: images/methodology02.png Graphic file (type png)
<use images/methodology02.png>
Package pdftex.def Info: images/methodology02.png  used on input line 78.
(pdftex.def)             Requested size: 219.08527pt x 155.1492pt.
pdfTeX warning (ext4): destination with the same identifier (name{fig:introfig0
2}) has been already used, duplicate ignored
<to be read again> 
                   \relax 
l.78 \end{frame}
                
Overfull \hbox (41.039pt too wide) has occurred while \output is active
 [][][][] []  
 []

[19

 <./images/methodology02.png>]
<images/methodology03.png, id=575, 1447.4075pt x 1086.0575pt>
File: images/methodology03.png Graphic file (type png)
<use images/methodology03.png>
Package pdftex.def Info: images/methodology03.png  used on input line 95.
(pdftex.def)             Requested size: 219.08527pt x 164.37648pt.
pdfTeX warning (ext4): destination with the same identifier (name{fig:introfig0
2}) has been already used, duplicate ignored
<to be read again> 
                   \relax 
l.95 \end{frame}
                
Overfull \hbox (42.535pt too wide) has occurred while \output is active
 [][][][] []  
 []

[20

 <./images/methodology03.png>]
<images/labels01.png, id=591, 868.24374pt x 549.05125pt>
File: images/labels01.png Graphic file (type png)
<use images/labels01.png>
Package pdftex.def Info: images/labels01.png  used on input line 105.
(pdftex.def)             Requested size: 219.08527pt x 138.5359pt.

Overfull \hbox (40.7494pt too wide) has occurred while \output is active
 [][][][] []  
 []

[21

 <./images/labels01.png>]
<images/labels02.png, id=608, 869.2475pt x 549.05125pt>
File: images/labels02.png Graphic file (type png)
<use images/labels02.png>
Package pdftex.def Info: images/labels02.png  used on input line 114.
(pdftex.def)             Requested size: 219.08527pt x 138.37672pt.
pdfTeX warning (ext4): destination with the same identifier (name{fig:labels01}
) has been already used, duplicate ignored
<to be read again> 
                   \relax 
l.114 \end{frame}
                 
Overfull \hbox (41.8782pt too wide) has occurred while \output is active
 [][][][] []  
 []

[22

 <./images/labels02.png>]
<images/labels03.png, id=624, 868.24374pt x 549.05125pt>
File: images/labels03.png Graphic file (type png)
<use images/labels03.png>
Package pdftex.def Info: images/labels03.png  used on input line 123.
(pdftex.def)             Requested size: 219.08527pt x 138.5359pt.
pdfTeX warning (ext4): destination with the same identifier (name{fig:labels01}
) has been already used, duplicate ignored
<to be read again> 
                   \relax 
l.123 \end{frame}
                 
Overfull \hbox (41.7918pt too wide) has occurred while \output is active
 [][][][] []  
 []

[23

 <./images/labels03.png>]) (./slides/methods.tex
Overfull \hbox (42.523pt too wide) has occurred while \output is active
 [][][][] []  
 []

[24

]
LaTeX Font Info:    Font shape `OT1/Caladea-TLF/m/n' will be
(Font)              scaled to size 10.0pt on input line 21.
LaTeX Font Info:    Font shape `OT1/Caladea-TLF/m/n' will be
(Font)              scaled to size 7.0pt on input line 21.
LaTeX Font Info:    Font shape `OT1/Caladea-TLF/m/n' will be
(Font)              scaled to size 5.0pt on input line 21.
LaTeX Font Info:    Font shape `OT1/Caladea-TLF/m/it' will be
(Font)              scaled to size 10.0pt on input line 21.
LaTeX Font Info:    Font shape `OT1/Caladea-TLF/m/it' will be
(Font)              scaled to size 7.0pt on input line 21.
LaTeX Font Info:    Font shape `OT1/Caladea-TLF/m/it' will be
(Font)              scaled to size 5.0pt on input line 21.

Overfull \hbox (41.847pt too wide) has occurred while \output is active
 [][][][] []  
 []

[25

]
LaTeX Font Info:    Font shape `OT1/Carlito-OsF/b/n' will be
(Font)              scaled to size 10.0pt on input line 37.

Overfull \hbox (42.1014pt too wide) has occurred while \output is active
 [][][][] []  
 []

[26

]
<images/method_01.png, id=691, 1721.43124pt x 842.14626pt>
File: images/method_01.png Graphic file (type png)
<use images/method_01.png>
Package pdftex.def Info: images/method_01.png  used on input line 47.
(pdftex.def)             Requested size: 312.98033pt x 153.10895pt.

Overfull \hbox (41.26859pt too wide) has occurred while \output is active
 [][][][] []  
 []

[27

 <./images/method_01.png>]
LaTeX Font Info:    Font shape `OT1/Caladea-TLF/b/n' will be
(Font)              scaled to size 10.95pt on input line 67.
LaTeX Font Info:    Font shape `OT1/Caladea-TLF/b/n' will be
(Font)              scaled to size 8.0pt on input line 67.
LaTeX Font Info:    Font shape `OT1/Caladea-TLF/b/n' will be
(Font)              scaled to size 6.0pt on input line 67.
LaTeX Font Info:    Font shape `OT1/Caladea-TLF/b/it' will be
(Font)              scaled to size 10.95pt on input line 67.
LaTeX Font Info:    Font shape `OT1/Caladea-TLF/b/it' will be
(Font)              scaled to size 8.0pt on input line 67.
LaTeX Font Info:    Font shape `OT1/Caladea-TLF/b/it' will be
(Font)              scaled to size 6.0pt on input line 67.
<images/gp01.png, id=708, 1100.61188pt x 477.28313pt>
File: images/gp01.png Graphic file (type png)
<use images/gp01.png>
Package pdftex.def Info: images/gp01.png  used on input line 67.
(pdftex.def)             Requested size: 234.73524pt x 101.79091pt.

Overfull \vbox (57.25642pt too high) detected at line 67
 []


Overfull \hbox (42.1678pt too wide) has occurred while \output is active
 [][][][] []  
 []

[28

 <./images/gp01.png (PNG copy)>]
<images/gp02.png, id=727, 794.97pt x 677.53125pt>
File: images/gp02.png Graphic file (type png)
<use images/gp02.png>
Package pdftex.def Info: images/gp02.png  used on input line 77.
(pdftex.def)             Requested size: 234.73524pt x 200.05608pt.
pdfTeX warning (ext4): destination with the same identifier (name{fig:gp01}) ha
s been already used, duplicate ignored
<to be read again> 
                   \relax 
l.77 \end{frame}
                
Overfull \vbox (31.71497pt too high) detected at line 77
 []


Overfull \hbox (42.1678pt too wide) has occurred while \output is active
 [][][][] []  
 []

[29

 <./images/gp02.png (PNG copy)>]
<images/gp03.png, id=742, 793.46437pt x 678.28406pt>
File: images/gp03.png Graphic file (type png)
<use images/gp03.png>
Package pdftex.def Info: images/gp03.png  used on input line 87.
(pdftex.def)             Requested size: 234.73524pt x 200.6613pt.
pdfTeX warning (ext4): destination with the same identifier (name{fig:gp01}) ha
s been already used, duplicate ignored
<to be read again> 
                   \relax 
l.87 \end{frame}
                
Overfull \vbox (32.32019pt too high) detected at line 87
 []


Overfull \hbox (42.535pt too wide) has occurred while \output is active
 [][][][] []  
 []

[30

 <./images/gp03.png (PNG copy)>]
<images/metodology.pdf, id=757, 1133.19356pt x 573.10106pt>
File: images/metodology.pdf Graphic file (type pdf)
<use images/metodology.pdf>
Package pdftex.def Info: images/metodology.pdf  used on input line 96.
(pdftex.def)             Requested size: 312.98033pt x 158.28099pt.
pdfTeX warning (ext4): destination with the same identifier (name{fig:gp01}) ha
s been already used, duplicate ignored
<to be read again> 
                   \relax 
l.96 \end{frame}
                
Overfull \hbox (40.7494pt too wide) has occurred while \output is active
 [][][][] []  
 []

[31

 <./images/metodology.pdf>]
File: images/metodology.pdf Graphic file (type pdf)
<use images/metodology.pdf>
Package pdftex.def Info: images/metodology.pdf  used on input line 107.
(pdftex.def)             Requested size: 312.98033pt x 158.28099pt.
pdfTeX warning (ext4): destination with the same identifier (name{fig:gp01}) ha
s been already used, duplicate ignored
<to be read again> 
                   \relax 
l.107 \end{frame}
                 
Overfull \hbox (41.8782pt too wide) has occurred while \output is active
 [][][][] []  
 []

[32

]) (./slides/results.tex) (./slides/conclusions.tex) (./slides/bib.tex
LaTeX Font Info:    Font shape `OT1/Carlito-OsF/m/n' will be
(Font)              scaled to size 9.0pt on input line 17.
LaTeX Font Info:    Font shape `OT1/Carlito-OsF/m/sc' will be
(Font)              scaled to size 9.0pt on input line 17.
LaTeX Font Info:    Font shape `OT1/Carlito-OsF/m/it' will be
(Font)              scaled to size 9.0pt on input line 17.
LaTeX Font Info:    Font shape `OT1/Carlito-OsF/b/n' will be
(Font)              scaled to size 9.0pt on input line 17.

Overfull \hbox (41.9286pt too wide) has occurred while \output is active
 [][][][] []  
 []

[33

 </usr/share/texlive/texmf-dist/tex/latex/beamer/beamericonarticle.pdf>])
(./slides/goodbye.tex
<images/goodbye.jpg, id=888, 1806.75pt x 1003.75pt>
File: images/goodbye.jpg Graphic file (type jpg)
<use images/goodbye.jpg>
Package pdftex.def Info: images/goodbye.jpg  used on input line 11.
(pdftex.def)             Requested size: 250.38521pt x 139.09966pt.
pdfTeX warning (ext4): destination with the same identifier (name{fig:introfig0
1}) has been already used, duplicate ignored
<to be read again> 
                   \relax 
l.11 \end{frame}
                
LaTeX Font Info:    Font shape `OT1/Carlito-OsF/m/n' will be
(Font)              scaled to size 17.28pt on input line 11.

Overfull \hbox (42.523pt too wide) has occurred while \output is active
 [][][][] []  
 []

[34

 <./images/goodbye.jpg>]
<images/contex_I.png, id=903, 545.03625pt x 701.62125pt>
File: images/contex_I.png Graphic file (type png)
<use images/contex_I.png>
Package pdftex.def Info: images/contex_I.png  used on input line 32.
(pdftex.def)             Requested size: 133.01758pt x 171.22958pt.
pdfTeX warning (ext4): destination with the same identifier (name{fig:introfig0
2}) has been already used, duplicate ignored
<to be read again> 
                   \relax 
l.32 \end{frame}
                
Overfull \vbox (4.88847pt too high) detected at line 32
 []


Overfull \hbox (41.847pt too wide) has occurred while \output is active
 [][][][] []  
 []

[35

 <./images/contex_I.png>]
<images/contex_II.png, id=918, 416.30531pt x 403.5075pt>
File: images/contex_II.png Graphic file (type png)
<use images/contex_II.png>
Package pdftex.def Info: images/contex_II.png  used on input line 51.
(pdftex.def)             Requested size: 133.01758pt x 128.92801pt.
pdfTeX warning (ext4): destination with the same identifier (name{fig:introfig0
2}) has been already used, duplicate ignored
<to be read again> 
                   \relax 
l.51 \end{frame}
                
Overfull \hbox (42.14459pt too wide) has occurred while \output is active
 [][][][] []  
 []

[36

 <./images/contex_II.png (PNG copy)>]
<images/contex_III.png, id=933, 544.0325pt x 1059.96pt>
File: images/contex_III.png Graphic file (type png)
<use images/contex_III.png>
Package pdftex.def Info: images/contex_III.png  used on input line 69.
(pdftex.def)             Requested size: 93.89503pt x 182.94034pt.
pdfTeX warning (ext4): destination with the same identifier (name{fig:introfig0
2}) has been already used, duplicate ignored
<to be read again> 
                   \relax 
l.69 \end{frame}
                
Overfull \hbox (41.187pt too wide) has occurred while \output is active
 [][][][] []  
 []

[37

 <./images/contex_III.png>]
<images/intro_fig02_2.png, id=949, 2525.435pt x 2510.37875pt>
File: images/intro_fig02_2.png Graphic file (type png)
<use images/intro_fig02_2.png>
Package pdftex.def Info: images/intro_fig02_2.png  used on input line 92.
(pdftex.def)             Requested size: 148.66516pt x 147.74333pt.
pdfTeX warning (ext4): destination with the same identifier (name{fig:introfig0
2}) has been already used, duplicate ignored
<to be read again> 
                   \relax 
l.92 \end{frame}
                
LaTeX Font Info:    Font shape `OT1/Carlito-OsF/b/it' will be
(Font)              scaled to size 10.95pt on input line 92.

Overfull \hbox (42.1678pt too wide) has occurred while \output is active
 [][][][] []  
 []

[38

 <./images/intro_fig02_2.png>]
<images/figure08.png, id=966, 539.1342pt x 294.8616pt>
File: images/figure08.png Graphic file (type png)
<use images/figure08.png>
Package pdftex.def Info: images/figure08.png  used on input line 105.
(pdftex.def)             Requested size: 281.68037pt x 154.05779pt.

Overfull \hbox (42.1678pt too wide) has occurred while \output is active
 [][][][] []  
 []

[39

 <./images/figure08.png>]
<images/figure10.png, id=982, 693.0693pt x 422.0568pt>
File: images/figure10.png Graphic file (type png)
<use images/figure10.png>
Package pdftex.def Info: images/figure10.png  used on input line 115.
(pdftex.def)             Requested size: 250.38521pt x 152.47485pt.

Overfull \hbox (42.9454pt too wide) has occurred while \output is active
 [][][][] []  
 []

[40

 <./images/figure10.png>]
File: images/figure10.png Graphic file (type png)
<use images/figure10.png>
Package pdftex.def Info: images/figure10.png  used on input line 125.
(pdftex.def)             Requested size: 187.7901pt x 114.35614pt.

Overfull \hbox (40.9646pt too wide) has occurred while \output is active
 [][][][] []  
 []

[41

])
\tf@nav=\write6
\openout6 = `presentation.nav'.

\tf@toc=\write7
\openout7 = `presentation.toc'.

\tf@snm=\write8
\openout8 = `presentation.snm'.

Package atveryend Info: Empty hook `BeforeClearDocument' on input line 98.
Package atveryend Info: Empty hook `AfterLastShipout' on input line 98.
 (./presentation.aux

Package pdfbase Warning: Rerun to get internal references right!

)
Package atveryend Info: Executing hook `AtVeryEndDocument' on input line 98.
Package atveryend Info: Executing hook `AtEndAfterFileList' on input line 98.
Package rerunfilecheck Info: File `presentation.out' has not changed.
(rerunfilecheck)             Checksum: F04FDA83FEE9076E5503CE5FA4F47CCA;262.


LaTeX Font Warning: Some font shapes were not available, defaults substituted.


LaTeX Warning: There were multiply-defined labels.

 ) 
Here is how much of TeX's memory you used:
 26066 strings out of 480906
 506425 string characters out of 5910772
 772467 words of memory out of 5000000
 40856 multiletter control sequences out of 15000+600000
 614289 words of font info for 100 fonts, out of 8000000 for 9000
 1141 hyphenation exceptions out of 8191
 63i,16n,106p,816b,923s stack positions out of 5000i,500n,10000p,200000b,80000s
pdfTeX warning (dest): name{Navigation44} has been referenced but does not ex
ist, replaced by a fixed one

{/usr/share/texlive/texmf-dist/fonts/enc/dvips/carlito/crlt_ssbojb.enc}{/usr/sh
are/texlive/texmf-dist/fonts/enc/dvips/caladea/cld_prieif.enc}</usr/share/texli
ve/texmf-dist/fonts/type1/huerta/caladea/Caladea-Italic.pfb></usr/share/texlive
/texmf-dist/fonts/type1/huerta/caladea/Caladea-Regular.pfb></usr/share/texlive/
texmf-dist/fonts/type1/typoland/carlito/Carlito-Bold.pfb></usr/share/texlive/te
xmf-dist/fonts/type1/typoland/carlito/Carlito-BoldItalic.pfb></usr/share/texliv
e/texmf-dist/fonts/type1/typoland/carlito/Carlito-Italic.pfb></usr/share/texliv
e/texmf-dist/fonts/type1/typoland/carlito/Carlito.pfb></usr/share/texlive/texmf
-dist/fonts/type1/public/amsfonts/cm/cmex10.pfb></usr/share/texlive/texmf-dist/
fonts/type1/public/amsfonts/cm/cmmi10.pfb></usr/share/texlive/texmf-dist/fonts/
type1/public/amsfonts/cm/cmmi7.pfb></usr/share/texlive/texmf-dist/fonts/type1/p
ublic/amsfonts/cm/cmmib10.pfb></usr/share/texlive/texmf-dist/fonts/type1/public
/amsfonts/cm/cmr10.pfb></usr/share/texlive/texmf-dist/fonts/type1/public/amsfon
ts/cm/cmsy10.pfb></usr/share/texlive/texmf-dist/fonts/type1/public/amsfonts/cm/
cmsy8.pfb>
Output written on presentation.pdf (41 pages, 18837823 bytes).
PDF statistics:
 1082 PDF objects out of 1200 (max. 8388607)
 734 compressed objects within 8 object streams
 98 named destinations out of 1000 (max. 500000)
 430 words of extra memory for PDF output out of 10000 (max. 10000000)

